%!Adobe-FontList 1.20
%Locale:0x412

%BeginFont
Handler:DirectoryHandler
FontType:Type1
FontName:ButtershineSerif
FamilyName:Buttershine Serif
StyleName:Regular
FullName:Buttershine Serif
MenuName:Buttershine Serif
StyleBits:0
WritingScript:Roman
OutlineFileName:C:\Users\user\Desktop\김아현\=====나스-코딩\Font\BUTTERSHINE SERIF.otf
DataFormat:sfntData
UsesStandardEncoding:yes
isCFF:yes
hasSVG:no
VariableFontType:NonVariableFont
FileLength:26512
FileModTime:1634158898
WeightClass:400
WidthClass:5
AngleClass:0
NameArray:0,Mac,4,Buttershine Serif
NameArray:0,Win,1,Buttershine Serif
%EndFont

%BeginFont
Handler:DirectoryHandler
FontType:TrueType
FontName:DancingScript-Bold
FamilyName:Dancing Script
StyleName:Bold
FullName:Dancing Script Bold
MenuName:Dancing Script
StyleBits:2
WritingScript:Roman
OutlineFileName:C:\Users\user\Desktop\김아현\=====나스-코딩\Font\DancingScript-Bold.ttf
DataFormat:sfntData
hasSVG:no
VariableFontType:NonVariableFont
FileLength:81164
FileModTime:1305709200
WeightClass:700
WidthClass:5
AngleClass:0
NameArray:0,Win,1,Dancing Script
%EndFont

%BeginFont
Handler:DirectoryHandler
FontType:TrueType
FontName:DancingScript-Medium
FamilyName:Dancing Script
StyleName:Medium
FullName:Dancing Script Medium
MenuName:Dancing Script Medium
StyleBits:0
WritingScript:Roman
OutlineFileName:C:\Users\user\Desktop\김아현\=====나스-코딩\Font\DancingScript-Medium.ttf
DataFormat:sfntData
hasSVG:no
VariableFontType:NonVariableFont
FileLength:81248
FileModTime:1305709200
WeightClass:500
WidthClass:5
AngleClass:0
NameArray:0,Win,1,Dancing Script Medium
NameArray:0,Win,16,Dancing Script
%EndFont

%BeginFont
Handler:DirectoryHandler
FontType:TrueType
FontName:DancingScript-Regular
FamilyName:Dancing Script
StyleName:Regular
FullName:Dancing Script Regular
MenuName:Dancing Script
StyleBits:0
WritingScript:Roman
OutlineFileName:C:\Users\user\Desktop\김아현\=====나스-코딩\Font\DancingScript-Regular.ttf
DataFormat:sfntData
hasSVG:no
VariableFontType:NonVariableFont
FileLength:80900
FileModTime:1305709200
WeightClass:400
WidthClass:5
AngleClass:0
NameArray:0,Win,1,Dancing Script
%EndFont

%BeginFont
Handler:DirectoryHandler
FontType:TrueType
FontName:DancingScript-SemiBold
FamilyName:Dancing Script
StyleName:SemiBold
FullName:Dancing Script SemiBold
MenuName:Dancing Script SemiBold
StyleBits:0
WritingScript:Roman
OutlineFileName:C:\Users\user\Desktop\김아현\=====나스-코딩\Font\DancingScript-SemiBold.ttf
DataFormat:sfntData
hasSVG:no
VariableFontType:NonVariableFont
FileLength:81236
FileModTime:1305709200
WeightClass:600
WidthClass:5
AngleClass:0
NameArray:0,Win,1,Dancing Script SemiBold
NameArray:0,Win,16,Dancing Script
%EndFont

%BeginFont
Handler:DirectoryHandler
FontType:TrueType
FontName:FreestyleScript-Regular
FamilyName:Freestyle Script
StyleName:Regular
FullName:Freestyle Script
MenuName:Freestyle Script
StyleBits:0
WritingScript:Roman
OutlineFileName:C:\Users\user\Desktop\김아현\=====나스-코딩\Font\FREESCPT.TTF
DataFormat:sfntData
hasSVG:no
VariableFontType:NonVariableFont
FileLength:69876
FileModTime:1484734996
WeightClass:400
WidthClass:5
AngleClass:0
NameArray:0,Mac,4,Freestyle Script
NameArray:0,Win,1,Freestyle Script
%EndFont

%BeginFont
Handler:DirectoryHandler
FontType:Type1
FontName:MADECanvas-Black
FamilyName:MADE Canvas
StyleName:Black
FullName:MADE Canvas Black
MenuName:MADE Canvas
StyleBits:2
WritingScript:Roman
OutlineFileName:C:\Users\user\Desktop\김아현\=====나스-코딩\Font\MADE Canvas Black PERSONAL USE.otf
DataFormat:sfntData
UsesStandardEncoding:yes
isCFF:yes
hasSVG:no
VariableFontType:NonVariableFont
FileLength:101260
FileModTime:1538176046
WeightClass:900
WidthClass:5
AngleClass:0
NameArray:0,Mac,4,MADE Canvas Black
NameArray:0,Win,1,MADE Canvas
%EndFont

%BeginFont
Handler:DirectoryHandler
FontType:Type1
FontName:MADECanvas-Light
FamilyName:MADE Canvas
StyleName:Light
FullName:MADE Canvas Light
MenuName:MADE Canvas
StyleBits:0
WritingScript:Roman
OutlineFileName:C:\Users\user\Desktop\김아현\=====나스-코딩\Font\MADE Canvas Light PERSONAL USE.otf
DataFormat:sfntData
UsesStandardEncoding:yes
isCFF:yes
hasSVG:no
VariableFontType:NonVariableFont
FileLength:100648
FileModTime:1538175960
WeightClass:300
WidthClass:5
AngleClass:0
NameArray:0,Mac,4,MADE Canvas Light
NameArray:0,Win,1,MADE Canvas
%EndFont

%BeginFont
Handler:DirectoryHandler
FontType:Type1
FontName:MADECanvas
FamilyName:MADE Canvas
StyleName:Regular
FullName:MADE Canvas
MenuName:MADE Canvas
StyleBits:0
WritingScript:Roman
OutlineFileName:C:\Users\user\Desktop\김아현\=====나스-코딩\Font\MADE Canvas Regular PERSONAL USE.otf
DataFormat:sfntData
UsesStandardEncoding:yes
isCFF:yes
hasSVG:no
VariableFontType:NonVariableFont
FileLength:101032
FileModTime:1538176004
WeightClass:400
WidthClass:5
AngleClass:0
NameArray:0,Mac,4,MADE Canvas
NameArray:0,Win,1,MADE Canvas
%EndFont

%BeginFont
Handler:DirectoryHandler
FontType:Type1
FontName:MADEMirage
FamilyName:MADE Mirage
StyleName:Regular
FullName:MADE Mirage
MenuName:MADE Mirage
StyleBits:0
WritingScript:Roman
OutlineFileName:C:\Users\user\Desktop\김아현\=====나스-코딩\Font\MADE Mirage Regular PERSONAL USE.otf
DataFormat:sfntData
UsesStandardEncoding:yes
isCFF:yes
hasSVG:no
VariableFontType:NonVariableFont
FileLength:111088
FileModTime:1578968096
WeightClass:400
WidthClass:5
AngleClass:0
NameArray:0,Mac,4,MADE Mirage
NameArray:0,Win,1,MADE Mirage
%EndFont

%BeginFont
Handler:DirectoryHandler
FontType:CID
FontName:NanumSquareOTF_acR
FamilyName:NanumSquareOTF_ac
StyleName:Regular
FullName:NanumSquareOTF_ac Regular
MenuName:나눔스퀘어OTF_ac
StyleBits:0
FamilyNameNative:나눔스퀘어OTF_ac
StyleNameNative:Regular
FullNameNative:나눔스퀘어OTF_ac Regular
WritingScript:Korean
OutlineFileName:C:\Users\user\Desktop\김아현\=====나스-코딩\Font\NanumSquareOTF_acR.otf
DataFormat:sfntData
isCFF:yes
hasSVG:no
VariableFontType:NonVariableFont
FileLength:310344
FileModTime:1508999008
WeightClass:400
WidthClass:5
AngleClass:0
NameArray:0,Mac,4,NanumSquareOTF_ac Regular
NameArray:3,Mac,4,나눔스퀘어OTF_ac Regular
NameArray:3,Mac,18,나눔스퀘어OTF_ac
NameArray:0,Win,1,NanumSquareOTF_ac
NameArray:0,Win,16,NanumSquareOTF_ac
NameArray:3,Win,1,나눔스퀘어OTF_ac
NameArray:3,Win,16,나눔스퀘어OTF_ac
%EndFont

